******************************************************************************

Quads generated for the program
  0. :t000	=	10000
  1. :t001	=	-t000
  2. :max_so_far	=	t001
  3. :t002	=	0
  4. :max_ending_here	=	t002
  5. :t003	=	0
  6. :i	=	t003
  7. :t004	=	0
  8. :i	=	t004
  9. :t005	=	t004
 10. :if  i <n	goto 18
 11. :goto 40
 12. :goto 40
 13. :t006	=	1
 14. :t007	=	i + t006
 15. :i	=	t007
 16. :t008	=	t007
 17. :goto 10
 18. :t009	=	0
 19. :t011	=	i * 4
 20. :t010	=	t009 + t011
 21. :t012	=	X[t010]
 22. :t013	=	max_ending_here + t012
 23. :max_ending_here	=	t013
 24. :t014	=	t013
 25. :if  max_so_far <max_ending_here	goto 28
 26. :goto 31
 27. :goto 31
 28. :max_so_far	=	max_ending_here
 29. :t015	=	max_ending_here
 30. :goto 31
 31. :t016	=	0
 32. :if  max_ending_here <t016	goto 35
 33. :goto 13
 34. :goto 39
 35. :t017	=	0
 36. :max_ending_here	=	t017
 37. :t018	=	t017
 38. :goto 13
 39. :goto 13
 40. :return	max_so_far
 41. :t019	=	100
 42. :t020	=	1
 43. :err	=	t020
 44. :param	_0
 45. :t021	=	call printStr, 1
 46. :param	_1
 47. :t022	=	call printStr, 1
 48. :t023	=	& err
 49. :param	t023
 50. :t024	=	call readInt, 1
 51. :n	=	t024
 52. :t025	=	t024
 53. :param	_2
 54. :t026	=	call printStr, 1
 55. :t027	=	0
 56. :i	=	t027
 57. :t028	=	t027
 58. :if  i <n	goto 64
 59. :goto 73
 60. :goto 73
 61. :t029	=	i
 62. :i	=	i + 1
 63. :goto 58
 64. :t030	=	0
 65. :t032	=	i * 4
 66. :t031	=	t030 + t032
 67. :t033	=	& err
 68. :param	t033
 69. :t034	=	call readInt, 1
 70. :x[t031]	=	t034
 71. :t035	=	t034
 72. :goto 61
 73. :t036	=	0
 74. :param	x
 75. :param	n
 76. :t037	=	call kadane, 2
 77. :l	=	t037
 78. :t038	=	t037
 79. :param	_3
 80. :t039	=	call printStr, 1
 81. :param	l
 82. :t040	=	call printInt, 1
 83. :param	_4
 84. :t041	=	call printStr, 1
 85. :t042	=	0
 86. :return	t042
*******************************************************************************
Symbol tables for the Program
************************************* Global ******************************************
Offset = 0
Start Quad Index = 0
End Quad Index =  0
Name	Value	var_type	size	Offset	Type

printInt	null	func		0	-1	ptr-to-St( Global )Int
readInt	null	func		0	-1	ptr-to-St( Global )Int
printStr	null	func		0	-1	ptr-to-St( Global )Int
kadane	null	func		0	-1	ptr-to-St( kadane )Int
main	null	func		0	-1	ptr-to-St( main )Int

*****************************************************************************************
******************************************************************************
************************************* kadane ******************************************
Offset = -100
Start Quad Index = 0
End Quad Index =  40
Name	Value	var_type	size	Offset	Type

retVal	null	return		4	0	Int
X	null	param		8	-12	Array(-1,Int)
n	null	param		4	-4	Int
max_so_far	0	local		4	-16	Int
t000	10000	temp		4	-20	Int
t001	null	temp		4	-24	Int
max_ending_here	0	local		4	-28	Int
t002	0	temp		4	-32	Int
i	0	local		4	-36	Int
t003	0	temp		4	-40	Int
t004	0	temp		4	-44	Int
t005	null	temp		4	-48	Int
t006	1	temp		4	-52	Int
t007	null	temp		4	-56	Int
t008	null	temp		4	-60	Int
t009	0	temp		4	-64	Int
t010	null	temp		4	-68	Int
t011	null	temp		4	-72	Int
t012	null	temp		4	-76	Int
t013	null	temp		4	-80	Int
t014	null	temp		4	-84	Int
t015	null	temp		4	-88	Int
t016	0	temp		4	-92	Int
t017	0	temp		4	-96	Int
t018	null	temp		4	-100	Int

*****************************************************************************************
************************************* main ******************************************
Offset = -520
Start Quad Index = 41
End Quad Index =  86
Name	Value	var_type	size	Offset	Type

retVal	null	return		4	0	Int
x	null	local		400	-400	Array(100,Int)
t019	100	temp		4	-404	Int
n	null	local		4	-408	Int
i	null	local		4	-412	Int
err	1	local		4	-416	Int
t020	1	temp		4	-420	Int
t021	null	temp		4	-424	Int
t022	null	temp		4	-428	Int
t023	null	temp		8	-436	ptr(Int)
t024	null	temp		4	-440	Int
t025	null	temp		4	-444	Int
t026	null	temp		4	-448	Int
t027	0	temp		4	-452	Int
t028	null	temp		4	-456	Int
t029	null	temp		4	-460	Int
t030	0	temp		4	-464	Int
t031	null	temp		4	-468	Int
t032	null	temp		4	-472	Int
t033	null	temp		8	-480	ptr(Int)
t034	null	temp		4	-484	Int
t035	null	temp		4	-488	Int
l	null	local		4	-492	Int
t036	0	temp		4	-496	Int
t037	null	temp		4	-500	Int
t038	null	temp		4	-504	Int
t039	null	temp		4	-508	Int
t040	null	temp		4	-512	Int
t041	null	temp		4	-516	Int
t042	0	temp		4	-520	Int

*****************************************************************************************
