******************************************************************************

Quads generated for the program
  0. :param	_0
  1. :t000	=	call printStr, 1
  2. :t001	=	& err
  3. :param	t001
  4. :t002	=	call readInt, 1
  5. :a	=	t002
  6. :t003	=	t002
  7. :t004	=	& err
  8. :param	t004
  9. :t005	=	call readInt, 1
 10. :b	=	t005
 11. :t006	=	t005
 12. :t007	=	& err
 13. :param	t007
 14. :t008	=	call readInt, 1
 15. :c	=	t008
 16. :t009	=	t008
 17. :t010	=	a * b
 18. :t011	=	t010 * c
 19. :pdt	=	t011
 20. :t012	=	t011
 21. :param	_1
 22. :t013	=	call printStr, 1
 23. :param	pdt
 24. :t014	=	call printInt, 1
 25. :param	_2
 26. :t015	=	call printStr, 1
 27. :param	_3
 28. :t016	=	call printStr, 1
 29. :t017	=	0
 30. :return	t017
*******************************************************************************
Symbol tables for the Program
************************************* Global ******************************************
Offset = 0
Start Quad Index = 0
End Quad Index =  0
Name	Value	var_type	size	Offset	Type

printInt	null	func		0	-1	ptr-to-St( Global )Int
readInt	null	func		0	-1	ptr-to-St( Global )Int
printStr	null	func		0	-1	ptr-to-St( Global )Int
main	null	func		0	-1	ptr-to-St( main )Int

*****************************************************************************************
******************************************************************************
************************************* main ******************************************
Offset = -104
Start Quad Index = 0
End Quad Index =  30
Name	Value	var_type	size	Offset	Type

retVal	null	return		4	0	Int
a	null	local		4	-4	Int
b	null	local		4	-8	Int
pdt	null	local		4	-12	Int
c	null	local		4	-16	Int
err	null	local		4	-20	Int
t000	null	temp		4	-24	Int
t001	null	temp		8	-32	ptr(Int)
t002	null	temp		4	-36	Int
t003	null	temp		4	-40	Int
t004	null	temp		8	-48	ptr(Int)
t005	null	temp		4	-52	Int
t006	null	temp		4	-56	Int
t007	null	temp		8	-64	ptr(Int)
t008	null	temp		4	-68	Int
t009	null	temp		4	-72	Int
t010	null	temp		4	-76	Int
t011	null	temp		4	-80	Int
t012	null	temp		4	-84	Int
t013	null	temp		4	-88	Int
t014	null	temp		4	-92	Int
t015	null	temp		4	-96	Int
t016	null	temp		4	-100	Int
t017	0	temp		4	-104	Int

*****************************************************************************************
